<?xml version="1.0" encoding="UTF-8"?>
<testsuite xmlns:xsi="http://www.w3.org/2001/XMLSchema-instance" xsi:noNamespaceSchemaLocation="https://maven.apache.org/surefire/maven-surefire-plugin/xsd/surefire-test-report.xsd" name="qninh.AppTest" time="0.324" tests="1" errors="0" skipped="0" failures="0">
  <properties>
    <property name="sun.desktop" value="windows"/>
    <property name="awt.toolkit" value="sun.awt.windows.WToolkit"/>
    <property name="java.specification.version" value="12"/>
    <property name="sun.cpu.isalist" value="amd64"/>
    <property name="sun.jnu.encoding" value="Cp1252"/>
    <property name="java.class.path" value="C:\Users\qninh\Desktop\qninh\java\kiwi\target\test-classes;C:\Users\qninh\Desktop\qninh\java\kiwi\target\classes;C:\Users\qninh\.m2\repository\junit\junit\4.11\junit-4.11.jar;C:\Users\qninh\.m2\repository\org\hamcrest\hamcrest-core\1.3\hamcrest-core-1.3.jar;C:\Users\qninh\.m2\repository\org\spigotmc\spigot-api\1.14.4-R0.1-SNAPSHOT\spigot-api-1.14.4-R0.1-SNAPSHOT.jar;C:\Users\qninh\.m2\repository\commons-lang\commons-lang\2.6\commons-lang-2.6.jar;C:\Users\qninh\.m2\repository\com\google\guava\guava\21.0\guava-21.0.jar;C:\Users\qninh\.m2\repository\com\google\code\gson\gson\2.8.0\gson-2.8.0.jar;C:\Users\qninh\.m2\repository\net\md-5\bungeecord-chat\1.13-SNAPSHOT\bungeecord-chat-1.13-SNAPSHOT.jar;C:\Users\qninh\.m2\repository\org\yaml\snakeyaml\1.23\snakeyaml-1.23.jar;C:\Users\qninh\.m2\repository\org\spigotmc\spigot\1.14.4-R0.1-SNAPSHOT\spigot-1.14.4-R0.1-SNAPSHOT.jar;C:\Users\qninh\.m2\repository\org\bukkit\bukkit\1.14.4-R0.1-SNAPSHOT\bukkit-1.14.4-R0.1-SNAPSHOT.jar;"/>
    <property name="java.vm.vendor" value="Oracle Corporation"/>
    <property name="sun.arch.data.model" value="64"/>
    <property name="user.variant" value=""/>
    <property name="java.vendor.url" value="https://java.oracle.com/"/>
    <property name="user.timezone" value="Asia/Bangkok"/>
    <property name="os.name" value="Windows 10"/>
    <property name="java.vm.specification.version" value="12"/>
    <property name="sun.java.launcher" value="SUN_STANDARD"/>
    <property name="user.country" value="US"/>
    <property name="sun.boot.library.path" value="C:\Program Files\Java\jdk-12.0.2\bin"/>
    <property name="sun.java.command" value="C:\Users\qninh\AppData\Local\Temp\surefire345819012019733294\surefirebooter3862695940479170464.jar C:\Users\qninh\AppData\Local\Temp\surefire345819012019733294 2019-10-05T14-37-00_266-jvmRun1 surefire2388102279624560326tmp surefire_01309994412945254348tmp"/>
    <property name="jdk.debug" value="release"/>
    <property name="surefire.test.class.path" value="C:\Users\qninh\Desktop\qninh\java\kiwi\target\test-classes;C:\Users\qninh\Desktop\qninh\java\kiwi\target\classes;C:\Users\qninh\.m2\repository\junit\junit\4.11\junit-4.11.jar;C:\Users\qninh\.m2\repository\org\hamcrest\hamcrest-core\1.3\hamcrest-core-1.3.jar;C:\Users\qninh\.m2\repository\org\spigotmc\spigot-api\1.14.4-R0.1-SNAPSHOT\spigot-api-1.14.4-R0.1-SNAPSHOT.jar;C:\Users\qninh\.m2\repository\commons-lang\commons-lang\2.6\commons-lang-2.6.jar;C:\Users\qninh\.m2\repository\com\google\guava\guava\21.0\guava-21.0.jar;C:\Users\qninh\.m2\repository\com\google\code\gson\gson\2.8.0\gson-2.8.0.jar;C:\Users\qninh\.m2\repository\net\md-5\bungeecord-chat\1.13-SNAPSHOT\bungeecord-chat-1.13-SNAPSHOT.jar;C:\Users\qninh\.m2\repository\org\yaml\snakeyaml\1.23\snakeyaml-1.23.jar;C:\Users\qninh\.m2\repository\org\spigotmc\spigot\1.14.4-R0.1-SNAPSHOT\spigot-1.14.4-R0.1-SNAPSHOT.jar;C:\Users\qninh\.m2\repository\org\bukkit\bukkit\1.14.4-R0.1-SNAPSHOT\bukkit-1.14.4-R0.1-SNAPSHOT.jar;"/>
    <property name="sun.cpu.endian" value="little"/>
    <property name="user.home" value="C:\Users\qninh"/>
    <property name="user.language" value="en"/>
    <property name="java.specification.vendor" value="Oracle Corporation"/>
    <property name="java.version.date" value="2019-07-16"/>
    <property name="java.home" value="C:\Program Files\Java\jdk-12.0.2"/>
    <property name="file.separator" value="\"/>
    <property name="basedir" value="C:\Users\qninh\Desktop\qninh\java\kiwi"/>
    <property name="java.vm.compressedOopsMode" value="32-bit"/>
    <property name="line.separator" value="&#10;"/>
    <property name="java.vm.specification.vendor" value="Oracle Corporation"/>
    <property name="java.specification.name" value="Java Platform API Specification"/>
    <property name="java.awt.graphicsenv" value="sun.awt.Win32GraphicsEnvironment"/>
    <property name="surefire.real.class.path" value="C:\Users\qninh\AppData\Local\Temp\surefire345819012019733294\surefirebooter3862695940479170464.jar"/>
    <property name="user.script" value=""/>
    <property name="sun.management.compiler" value="HotSpot 64-Bit Tiered Compilers"/>
    <property name="java.runtime.version" value="12.0.2+10"/>
    <property name="user.name" value="qninh"/>
    <property name="path.separator" value=";"/>
    <property name="os.version" value="10.0"/>
    <property name="java.runtime.name" value="Java(TM) SE Runtime Environment"/>
    <property name="file.encoding" value="Cp1252"/>
    <property name="java.vm.name" value="Java HotSpot(TM) 64-Bit Server VM"/>
    <property name="localRepository" value="C:\Users\qninh\.m2\repository"/>
    <property name="java.vendor.url.bug" value="https://bugreport.java.com/bugreport/"/>
    <property name="java.io.tmpdir" value="C:\Users\qninh\AppData\Local\Temp\"/>
    <property name="java.version" value="12.0.2"/>
    <property name="user.dir" value="C:\Users\qninh\Desktop\qninh\java\kiwi"/>
    <property name="os.arch" value="amd64"/>
    <property name="java.vm.specification.name" value="Java Virtual Machine Specification"/>
    <property name="sun.os.patch.level" value=""/>
    <property name="java.library.path" value="C:\Program Files\Java\jdk-12.0.2\bin;C:\Windows\Sun\Java\bin;C:\Windows\system32;C:\Windows;C:\Program Files (x86)\Common Files\Oracle\Java\javapath;C:\Windows\system32;C:\Windows;C:\Windows\System32\Wbem;C:\Windows\System32\WindowsPowerShell\v1.0\;C:\Windows\System32\OpenSSH\;C:\Program Files\Git\cmd;C:\Users\qninh\AppData\Local\Microsoft\WindowsApps;C:\Program Files\Maven\bin;;C:\Users\qninh\AppData\Local\Programs\Microsoft VS Code\bin;."/>
    <property name="java.vm.info" value="mixed mode, sharing"/>
    <property name="java.vendor" value="Oracle Corporation"/>
    <property name="java.vm.version" value="12.0.2+10"/>
    <property name="sun.io.unicode.encoding" value="UnicodeLittle"/>
    <property name="java.class.version" value="56.0"/>
  </properties>
  <testcase name="shouldAnswerWithTrue" classname="qninh.AppTest" time="0.001"/>
</testsuite>